<?xml version="1.0" encoding="UTF-8"?>
<!-- Generated by org.testng.reporters.JUnitXMLReporter -->
<testsuite hostname="SrikanthSadaram" ignored="0" name="Test" tests="3" failures="0" timestamp="04 Sep 2020 14:41:19 GMT" time="117.194" errors="0">
  <testcase name="addingLeaveEntitlement" time="17.295" classname="com.orangeHRM.testCases.AddLeaveEntitlement"/>
  <testcase name="assigningLeave" time="11.95" classname="com.orangeHRM.testCases.AssignLeave"/>
  <testcase name="cancelingLeave" time="9.822" classname="com.orangeHRM.testCases.LeaveList"/>
</testsuite> <!-- Test -->
