<?xml version="1.0" encoding="UTF-8"?>
<!-- Generated by org.testng.reporters.JUnitXMLReporter -->
<testsuite hostname="SrikanthSadaram" ignored="0" name="Test" tests="3" failures="0" timestamp="22 Aug 2020 19:51:11 GMT" time="147.57" errors="0">
  <testcase name="cancelingLeave" time="23.313" classname="com.orangeHRM.testCases.LeaveList"/>
  <testcase name="addingLeaveEntitlement" time="9.088" classname="com.orangeHRM.testCases.AddLeaveEntitlement"/>
  <testcase name="assigningLeave" time="14.046" classname="com.orangeHRM.testCases.AssignLeave"/>
</testsuite> <!-- Test -->
