<?xml version="1.0" encoding="UTF-8"?>
<testng-results skipped="0" failed="0" ignored="0" total="3" passed="3">
  <reporter-output>
  </reporter-output>
  <suite name="Suite" duration-ms="117194" started-at="2020-09-04T14:39:21Z" finished-at="2020-09-04T14:41:18Z">
    <groups>
    </groups>
    <test name="Test" duration-ms="117194" started-at="2020-09-04T14:39:21Z" finished-at="2020-09-04T14:41:18Z">
      <class name="com.orangeHRM.testCases.AddLeaveEntitlement">
        <test-method status="PASS" signature="homePageNavigation()[pri:0, instance:com.orangeHRM.testCases.AddLeaveEntitlement@66a3ffec]" name="homePageNavigation" is-config="true" duration-ms="26086" started-at="2020-09-04T14:39:21Z" finished-at="2020-09-04T14:39:47Z">
          <reporter-output>
          </reporter-output>
        </test-method> <!-- homePageNavigation -->
        <test-method status="PASS" signature="addingLeaveEntitlement()[pri:0, instance:com.orangeHRM.testCases.AddLeaveEntitlement@66a3ffec]" name="addingLeaveEntitlement" duration-ms="17295" started-at="2020-09-04T14:39:47Z" finished-at="2020-09-04T14:40:04Z">
          <reporter-output>
          </reporter-output>
        </test-method> <!-- addingLeaveEntitlement -->
        <test-method status="PASS" signature="tearDown()[pri:0, instance:com.orangeHRM.testCases.AddLeaveEntitlement@66a3ffec]" name="tearDown" is-config="true" duration-ms="2447" started-at="2020-09-04T14:40:04Z" finished-at="2020-09-04T14:40:07Z">
          <reporter-output>
          </reporter-output>
        </test-method> <!-- tearDown -->
      </class> <!-- com.orangeHRM.testCases.AddLeaveEntitlement -->
      <class name="com.orangeHRM.testCases.LeaveList">
        <test-method status="PASS" signature="homePageNavigation()[pri:0, instance:com.orangeHRM.testCases.LeaveList@1e88b3c]" name="homePageNavigation" is-config="true" duration-ms="23828" started-at="2020-09-04T14:40:42Z" finished-at="2020-09-04T14:41:06Z">
          <reporter-output>
          </reporter-output>
        </test-method> <!-- homePageNavigation -->
        <test-method status="PASS" signature="cancelingLeave()[pri:0, instance:com.orangeHRM.testCases.LeaveList@1e88b3c]" name="cancelingLeave" duration-ms="9822" started-at="2020-09-04T14:41:06Z" finished-at="2020-09-04T14:41:16Z">
          <reporter-output>
          </reporter-output>
        </test-method> <!-- cancelingLeave -->
        <test-method status="PASS" signature="tearDown()[pri:0, instance:com.orangeHRM.testCases.LeaveList@1e88b3c]" name="tearDown" is-config="true" duration-ms="2085" started-at="2020-09-04T14:41:16Z" finished-at="2020-09-04T14:41:18Z">
          <reporter-output>
          </reporter-output>
        </test-method> <!-- tearDown -->
      </class> <!-- com.orangeHRM.testCases.LeaveList -->
      <class name="com.orangeHRM.testCases.AssignLeave">
        <test-method status="PASS" signature="homePageNavigation()[pri:0, instance:com.orangeHRM.testCases.AssignLeave@77caeb3e]" name="homePageNavigation" is-config="true" duration-ms="21686" started-at="2020-09-04T14:40:07Z" finished-at="2020-09-04T14:40:29Z">
          <reporter-output>
          </reporter-output>
        </test-method> <!-- homePageNavigation -->
        <test-method status="PASS" signature="assigningLeave()[pri:0, instance:com.orangeHRM.testCases.AssignLeave@77caeb3e]" name="assigningLeave" duration-ms="11950" started-at="2020-09-04T14:40:29Z" finished-at="2020-09-04T14:40:41Z">
          <reporter-output>
          </reporter-output>
        </test-method> <!-- assigningLeave -->
        <test-method status="PASS" signature="tearDown()[pri:0, instance:com.orangeHRM.testCases.AssignLeave@77caeb3e]" name="tearDown" is-config="true" duration-ms="1915" started-at="2020-09-04T14:40:41Z" finished-at="2020-09-04T14:40:42Z">
          <reporter-output>
          </reporter-output>
        </test-method> <!-- tearDown -->
      </class> <!-- com.orangeHRM.testCases.AssignLeave -->
    </test> <!-- Test -->
  </suite> <!-- Suite -->
</testng-results>
